<?xml version="1.0" encoding="UTF-8"?>
<!-- Generated by org.testng.reporters.JUnitReportReporter -->
<testsuite skipped="0" hostname="DESKTOP-NFATJD6" name="testCases.LoginPageTest" tests="2" failures="0" timestamp="12 Dec 2020 04:15:40 GMT" time="29.988" errors="0">
  <testcase name="loginTest" time="15.342" classname="testCases.LoginPageTest"/>
  <testcase name="loginpageTitleTest" time="14.646" classname="testCases.LoginPageTest"/>
</testsuite> <!-- testCases.LoginPageTest -->
